<?xml version="1.0" encoding="UTF-8"?>
<!-- Generated by org.testng.reporters.JUnitReportReporter -->
<testsuite skipped="0" hostname="NAHESENGBYWDQV2" name="getRequest.getData" tests="2" failures="0" timestamp="18 May 2020 15:55:54 GMT" time="3.075" errors="0">
  <testcase name="checkAuthorizationTest" time="2.621" classname="getRequest.getData"/>
  <testcase name="createModel" time="0.454" classname="getRequest.getData"/>
</testsuite> <!-- getRequest.getData -->
