<?xml version="1.0" encoding="UTF-8"?>
<!-- Generated by org.testng.reporters.JUnitReportReporter -->
<testsuite skipped="0" hostname="NAHESENGBYWDQV2" name="getRequest.TestExamples" tests="1" failures="0" timestamp="21 May 2021 23:15:21 GMT" time="1.055" errors="0">
  <testcase name="test1" time="1.055" classname="getRequest.TestExamples"/>
</testsuite> <!-- getRequest.TestExamples -->
