<?xml version="1.0" encoding="UTF-8"?>
<!-- Generated by org.testng.reporters.JUnitReportReporter -->
<testsuite skipped="0" hostname="NAHESENGBYWDQV2" name="getRequest.TestonlocalAPI" tests="1" failures="0" timestamp="28 May 2021 04:30:44 GMT" time="0.754" errors="0">
  <testcase name="post" time="0.754" classname="getRequest.TestonlocalAPI"/>
</testsuite> <!-- getRequest.TestonlocalAPI -->
